# JRE version: Java(TM) SE Runtime Environment (17.0.12+8) (build 17.0.12+8-LTS-286)
# Java VM: Java HotSpot(TM) 64-Bit Server VM (17.0.12+8-LTS-286, mixed mode, emulated-client, sharing, tiered, compressed oops, compressed class ptrs, g1 gc, windows-amd64)
GC Precious Log:
 CPUs: 8 total, 8 available
 Memory: 8010M
 Large Page Support: Disabled
 NUMA Support: Disabled
 Compressed Oops: Enabled (32-bit)
 Heap Region Size: 1M
 Heap Min Capacity: 8M
 Heap Initial Capacity: 126M
 Heap Max Capacity: 2004M
 Pre-touch: Disabled
 Parallel Workers: 8
 Concurrent Workers: 2
 Concurrent Refinement Workers: 8
 Periodic GC: Disabled
Heap:
 garbage-first heap   total 122880K, used 68982K [0x0000000082c00000, 0x0000000100000000)
  region size 1024K, 44 young (45056K), 3 survivors (3072K)
 Metaspace       used 69590K, committed 70208K, reserved 1114112K
  class space    used 9896K, committed 10176K, reserved 1048576K
GC Heap History (20 events):
Event: 2.150 GC heap before
{Heap before GC invocations=5 (full 0):
 garbage-first heap   total 51200K, used 16941K [0x0000000082c00000, 0x0000000100000000)
  region size 1024K, 3 young (3072K), 2 survivors (2048K)
 Metaspace       used 24729K, committed 25216K, reserved 1114112K
  class space    used 3415K, committed 3648K, reserved 1048576K
}
Event: 2.157 GC heap after
{Heap after GC invocations=6 (full 0):
 garbage-first heap   total 61440K, used 16719K [0x0000000082c00000, 0x0000000100000000)
  region size 1024K, 1 young (1024K), 1 survivors (1024K)
 Metaspace       used 24729K, committed 25216K, reserved 1114112K
  class space    used 3415K, committed 3648K, reserved 1048576K
}
Event: 2.556 GC heap before
{Heap before GC invocations=6 (full 0):
 garbage-first heap   total 61440K, used 42319K [0x0000000082c00000, 0x0000000100000000)
  region size 1024K, 26 young (26624K), 1 survivors (1024K)
 Metaspace       used 28782K, committed 29184K, reserved 1114112K
  class space    used 3995K, committed 4160K, reserved 1048576K
}
Event: 2.564 GC heap after
{Heap after GC invocations=7 (full 0):
 garbage-first heap   total 61440K, used 18809K [0x0000000082c00000, 0x0000000100000000)
  region size 1024K, 3 young (3072K), 3 survivors (3072K)
 Metaspace       used 28782K, committed 29184K, reserved 1114112K
  class space    used 3995K, committed 4160K, reserved 1048576K
}
Event: 2.919 GC heap before
{Heap before GC invocations=7 (full 0):
 garbage-first heap   total 61440K, used 43385K [0x0000000082c00000, 0x0000000100000000)
  region size 1024K, 28 young (28672K), 3 survivors (3072K)
 Metaspace       used 33809K, committed 34304K, reserved 1114112K
  class space    used 4625K, committed 4864K, reserved 1048576K
}
Event: 2.923 GC heap after
{Heap after GC invocations=8 (full 0):
 garbage-first heap   total 61440K, used 20959K [0x0000000082c00000, 0x0000000100000000)
  region size 1024K, 3 young (3072K), 3 survivors (3072K)
 Metaspace       used 33809K, committed 34304K, reserved 1114112K
  class space    used 4625K, committed 4864K, reserved 1048576K
}
Event: 3.019 GC heap before
{Heap before GC invocations=8 (full 0):
 garbage-first heap   total 61440K, used 21983K [0x0000000082c00000, 0x0000000100000000)
  region size 1024K, 5 young (5120K), 3 survivors (3072K)
 Metaspace       used 35666K, committed 36096K, reserved 1114112K
  class space    used 4843K, committed 5056K, reserved 1048576K
}
Event: 3.022 GC heap after
{Heap after GC invocations=9 (full 0):
 garbage-first heap   total 61440K, used 21241K [0x0000000082c00000, 0x0000000100000000)
  region size 1024K, 3 young (3072K), 3 survivors (3072K)
 Metaspace       used 35666K, committed 36096K, reserved 1114112K
  class space    used 4843K, committed 5056K, reserved 1048576K
}
Event: 3.672 GC heap before
{Heap before GC invocations=10 (full 0):
 garbage-first heap   total 61440K, used 43769K [0x0000000082c00000, 0x0000000100000000)
  region size 1024K, 25 young (25600K), 3 survivors (3072K)
 Metaspace       used 41576K, committed 42112K, reserved 1114112K
  class space    used 5634K, committed 5888K, reserved 1048576K
}
Event: 3.675 GC heap after
{Heap after GC invocations=11 (full 0):
 garbage-first heap   total 61440K, used 22646K [0x0000000082c00000, 0x0000000100000000)
  region size 1024K, 2 young (2048K), 2 survivors (2048K)
 Metaspace       used 41576K, committed 42112K, reserved 1114112K
  class space    used 5634K, committed 5888K, reserved 1048576K
}
Event: 4.018 GC heap before
{Heap before GC invocations=11 (full 0):
 garbage-first heap   total 61440K, used 45174K [0x0000000082c00000, 0x0000000100000000)
  region size 1024K, 24 young (24576K), 2 survivors (2048K)
 Metaspace       used 46259K, committed 46784K, reserved 1114112K
  class space    used 6427K, committed 6656K, reserved 1048576K
}
Event: 4.021 GC heap after
{Heap after GC invocations=12 (full 0):
 garbage-first heap   total 61440K, used 23886K [0x0000000082c00000, 0x0000000100000000)
  region size 1024K, 3 young (3072K), 3 survivors (3072K)
 Metaspace       used 46259K, committed 46784K, reserved 1114112K
  class space    used 6427K, committed 6656K, reserved 1048576K
}
Event: 4.372 GC heap before
{Heap before GC invocations=12 (full 0):
 garbage-first heap   total 61440K, used 46414K [0x0000000082c00000, 0x0000000100000000)
  region size 1024K, 25 young (25600K), 3 survivors (3072K)
 Metaspace       used 51019K, committed 51584K, reserved 1114112K
  class space    used 7116K, committed 7360K, reserved 1048576K
}
Event: 4.376 GC heap after
{Heap after GC invocations=13 (full 0):
 garbage-first heap   total 61440K, used 25087K [0x0000000082c00000, 0x0000000100000000)
  region size 1024K, 3 young (3072K), 3 survivors (3072K)
 Metaspace       used 51019K, committed 51584K, reserved 1114112K
  class space    used 7116K, committed 7360K, reserved 1048576K
}
Event: 4.692 GC heap before
{Heap before GC invocations=13 (full 0):
 garbage-first heap   total 61440K, used 45567K [0x0000000082c00000, 0x0000000100000000)
  region size 1024K, 24 young (24576K), 3 survivors (3072K)
 Metaspace       used 57068K, committed 57664K, reserved 1114112K
  class space    used 8057K, committed 8320K, reserved 1048576K
}
Event: 4.695 GC heap after
{Heap after GC invocations=14 (full 0):
 garbage-first heap   total 61440K, used 25812K [0x0000000082c00000, 0x0000000100000000)
  region size 1024K, 2 young (2048K), 2 survivors (2048K)
 Metaspace       used 57068K, committed 57664K, reserved 1114112K
  class space    used 8057K, committed 8320K, reserved 1048576K
}
Event: 4.920 GC heap before
{Heap before GC invocations=14 (full 0):
 garbage-first heap   total 61440K, used 42196K [0x0000000082c00000, 0x0000000100000000)
  region size 1024K, 19 young (19456K), 2 survivors (2048K)
 Metaspace       used 60126K, committed 60736K, reserved 1114112K
  class space    used 8541K, committed 8832K, reserved 1048576K
}
Event: 4.923 GC heap after
{Heap after GC invocations=15 (full 0):
 garbage-first heap   total 61440K, used 26257K [0x0000000082c00000, 0x0000000100000000)
  region size 1024K, 2 young (2048K), 2 survivors (2048K)
 Metaspace       used 60126K, committed 60736K, reserved 1114112K
  class space    used 8541K, committed 8832K, reserved 1048576K
}
Event: 5.208 GC heap before
{Heap before GC invocations=16 (full 0):
 garbage-first heap   total 61440K, used 48785K [0x0000000082c00000, 0x0000000100000000)
  region size 1024K, 24 young (24576K), 2 survivors (2048K)
 Metaspace       used 63885K, committed 64576K, reserved 1114112K
  class space    used 9124K, committed 9472K, reserved 1048576K
}
Event: 5.212 GC heap after
{Heap after GC invocations=17 (full 0):
 garbage-first heap   total 122880K, used 28022K [0x0000000082c00000, 0x0000000100000000)
  region size 1024K, 3 young (3072K), 3 survivors (3072K)
 Metaspace       used 63885K, committed 64576K, reserved 1114112K
  class space    used 9124K, committed 9472K, reserved 1048576K
}

